android/app/build/intermediates/manifest_merge_blame_file/debug/manifest-merger-blame-debug-report.txt
1<?xml version="1.0" encoding="utf-8"?>
2<manifest xmlns:android="http://schemas.android.com/apk/res/android"
3    package="com.example.projetandroid"
4    android:versionCode="1"
5    android:versionName="1.0" >
6
7    <uses-sdk
8        android:minSdkVersion="20"
8-->src\main\AndroidManifest.xml
9        android:targetSdkVersion="30" />
9-->src\main\AndroidManifest.xml
10
11    <uses-permission android:name="android.permission.ACCESS_NETWORK_STATE" />
11-->src\main\AndroidManifest.xml:5:5-79
11-->src\main\AndroidManifest.xml:5:22-76
12    <uses-permission android:name="android.permission.INTERNET" />
12-->src\main\AndroidManifest.xml:6:5-67
12-->src\main\AndroidManifest.xml:6:22-64
13    <uses-permission android:name="android.permission.CALL_PHONE" />
13-->src\main\AndroidManifest.xml:7:5-69
13-->src\main\AndroidManifest.xml:7:22-66
14    <uses-permission android:name="android.permission.WAKE_LOCK" /> <!-- Required by older versions of Google Play services to create IID tokens -->
14-->[com.google.firebase:firebase-messaging:22.0.0] AndroidManifest.xml:23:5-68
14-->[com.google.firebase:firebase-messaging:22.0.0] AndroidManifest.xml:23:22-65
15    <uses-permission android:name="com.google.android.c2dm.permission.RECEIVE" />
15-->[com.google.firebase:firebase-messaging:22.0.0] AndroidManifest.xml:25:5-82
15-->[com.google.firebase:firebase-messaging:22.0.0] AndroidManifest.xml:25:22-79
16
17    <application
17-->src\main\AndroidManifest.xml:9:5-51:19
18        android:allowBackup="true"
18-->src\main\AndroidManifest.xml:10:9-35
19        android:appComponentFactory="androidx.core.app.CoreComponentFactory"
19-->[androidx.core:core:1.3.1] AndroidManifest.xml:24:18-86
20        android:debuggable="true"
21        android:icon="@mipmap/ic_launcher"
21-->src\main\AndroidManifest.xml:11:9-43
22        android:label="@string/app_name"
22-->src\main\AndroidManifest.xml:12:9-41
23        android:roundIcon="@mipmap/ic_launcher_round"
23-->src\main\AndroidManifest.xml:13:9-54
24        android:supportsRtl="true"
24-->src\main\AndroidManifest.xml:14:9-35
25        android:testOnly="true"
26        android:theme="@android:style/Theme.Holo.Light.NoActionBar.Fullscreen" >
26-->src\main\AndroidManifest.xml:15:9-79
27        <activity android:name="com.example.projetandroid.Splashscreen" >
27-->src\main\AndroidManifest.xml:16:9-22:20
27-->src\main\AndroidManifest.xml:16:19-47
28            <intent-filter>
28-->src\main\AndroidManifest.xml:17:13-21:29
29                <action android:name="android.intent.action.MAIN" />
29-->src\main\AndroidManifest.xml:18:17-69
29-->src\main\AndroidManifest.xml:18:25-66
30
31                <category android:name="android.intent.category.LAUNCHER" />
31-->src\main\AndroidManifest.xml:20:17-77
31-->src\main\AndroidManifest.xml:20:27-74
32            </intent-filter>
33        </activity>
34        <activity android:name="com.example.projetandroid.AlertActivity" />
34-->src\main\AndroidManifest.xml:23:9-51
34-->src\main\AndroidManifest.xml:23:19-48
35        <activity android:name="com.example.projetandroid.Statistics" />
35-->src\main\AndroidManifest.xml:24:9-48
35-->src\main\AndroidManifest.xml:24:19-45
36        <activity android:name="com.example.projetandroid.Messagerie" />
36-->src\main\AndroidManifest.xml:25:9-48
36-->src\main\AndroidManifest.xml:25:19-45
37        <activity android:name="com.example.projetandroid.ConsulteAnnonceIndividuelle" />
37-->src\main\AndroidManifest.xml:26:9-65
37-->src\main\AndroidManifest.xml:26:19-62
38        <activity android:name="com.example.projetandroid.Consultation" />
38-->src\main\AndroidManifest.xml:27:9-50
38-->src\main\AndroidManifest.xml:27:19-47
39        <activity android:name="com.example.projetandroid.modifierannonce" />
39-->src\main\AndroidManifest.xml:28:9-53
39-->src\main\AndroidManifest.xml:28:19-50
40        <activity android:name="com.example.projetandroid.modifiergeneral" />
40-->src\main\AndroidManifest.xml:29:9-53
40-->src\main\AndroidManifest.xml:29:19-50
41        <activity android:name="com.example.projetandroid.supprimerAnnonce" />
41-->src\main\AndroidManifest.xml:30:9-54
41-->src\main\AndroidManifest.xml:30:19-51
42        <activity android:name="com.example.projetandroid.deposer" />
42-->src\main\AndroidManifest.xml:31:9-45
42-->src\main\AndroidManifest.xml:31:19-42
43        <activity android:name="com.example.projetandroid.Accueil_annonceur" />
43-->src\main\AndroidManifest.xml:32:9-55
43-->src\main\AndroidManifest.xml:32:19-52
44        <activity android:name="com.example.projetandroid.Accueil_client" />
44-->src\main\AndroidManifest.xml:33:9-52
44-->src\main\AndroidManifest.xml:33:19-49
45        <activity android:name="com.example.projetandroid.Connexion" />
45-->src\main\AndroidManifest.xml:34:9-47
45-->src\main\AndroidManifest.xml:34:19-44
46        <activity android:name="com.example.projetandroid.inscription" />
46-->src\main\AndroidManifest.xml:35:9-49
46-->src\main\AndroidManifest.xml:35:19-46
47        <activity android:name="com.example.projetandroid.MainActivity" >
47-->src\main\AndroidManifest.xml:36:9-38:20
47-->src\main\AndroidManifest.xml:36:19-47
48        </activity>
49
50        <service
50-->src\main\AndroidManifest.xml:40:9-46:19
51            android:name="com.example.projetandroid.FirebaseToken"
51-->src\main\AndroidManifest.xml:41:13-42
52            android:stopWithTask="false" >
52-->src\main\AndroidManifest.xml:42:13-41
53            <intent-filter>
53-->src\main\AndroidManifest.xml:43:13-45:29
54                <action android:name="com.google.firebase.MESSAGING_EVENT" />
54-->src\main\AndroidManifest.xml:44:17-78
54-->src\main\AndroidManifest.xml:44:25-75
55            </intent-filter>
56        </service>
57
58        <meta-data
58-->src\main\AndroidManifest.xml:48:9-50:57
59            android:name="preloaded_fonts"
59-->src\main\AndroidManifest.xml:49:13-43
60            android:resource="@array/preloaded_fonts" />
60-->src\main\AndroidManifest.xml:50:13-54
61
62        <service
62-->[com.google.firebase:firebase-storage:19.1.1] AndroidManifest.xml:30:9-36:19
63            android:name="com.google.firebase.components.ComponentDiscoveryService"
63-->[com.google.firebase:firebase-storage:19.1.1] AndroidManifest.xml:31:13-84
64            android:directBootAware="true"
64-->[com.google.firebase:firebase-common:20.0.0] AndroidManifest.xml:35:13-43
65            android:exported="false" >
65-->[com.google.firebase:firebase-storage:19.1.1] AndroidManifest.xml:32:13-37
66            <meta-data
66-->[com.google.firebase:firebase-storage:19.1.1] AndroidManifest.xml:33:13-35:85
67                android:name="com.google.firebase.components:com.google.firebase.storage.StorageRegistrar"
67-->[com.google.firebase:firebase-storage:19.1.1] AndroidManifest.xml:34:17-107
68                android:value="com.google.firebase.components.ComponentRegistrar" />
68-->[com.google.firebase:firebase-storage:19.1.1] AndroidManifest.xml:35:17-82
69            <meta-data
69-->[com.google.firebase:firebase-database:19.7.0] AndroidManifest.xml:32:13-34:85
70                android:name="com.google.firebase.components:com.google.firebase.database.DatabaseRegistrar"
70-->[com.google.firebase:firebase-database:19.7.0] AndroidManifest.xml:33:17-109
71                android:value="com.google.firebase.components.ComponentRegistrar" />
71-->[com.google.firebase:firebase-database:19.7.0] AndroidManifest.xml:34:17-82
72            <meta-data
72-->[com.google.firebase:firebase-messaging:22.0.0] AndroidManifest.xml:52:13-54:85
73                android:name="com.google.firebase.components:com.google.firebase.messaging.FirebaseMessagingRegistrar"
73-->[com.google.firebase:firebase-messaging:22.0.0] AndroidManifest.xml:53:17-119
74                android:value="com.google.firebase.components.ComponentRegistrar" />
74-->[com.google.firebase:firebase-messaging:22.0.0] AndroidManifest.xml:54:17-82
75            <meta-data
75-->[com.google.firebase:firebase-datatransport:18.0.0] AndroidManifest.xml:28:13-30:85
76                android:name="com.google.firebase.components:com.google.firebase.datatransport.TransportRegistrar"
76-->[com.google.firebase:firebase-datatransport:18.0.0] AndroidManifest.xml:29:17-115
77                android:value="com.google.firebase.components.ComponentRegistrar" />
77-->[com.google.firebase:firebase-datatransport:18.0.0] AndroidManifest.xml:30:17-82
78            <meta-data
78-->[com.google.firebase:firebase-installations:17.0.0] AndroidManifest.xml:18:13-20:85
79                android:name="com.google.firebase.components:com.google.firebase.installations.FirebaseInstallationsRegistrar"
79-->[com.google.firebase:firebase-installations:17.0.0] AndroidManifest.xml:19:17-127
80                android:value="com.google.firebase.components.ComponentRegistrar" />
80-->[com.google.firebase:firebase-installations:17.0.0] AndroidManifest.xml:20:17-82
81        </service>
82
83        <provider
83-->[com.squareup.picasso:picasso:2.71828] AndroidManifest.xml:8:9-11:40
84            android:name="com.squareup.picasso.PicassoProvider"
84-->[com.squareup.picasso:picasso:2.71828] AndroidManifest.xml:9:13-64
85            android:authorities="com.example.projetandroid.com.squareup.picasso"
85-->[com.squareup.picasso:picasso:2.71828] AndroidManifest.xml:10:13-72
86            android:exported="false" />
86-->[com.squareup.picasso:picasso:2.71828] AndroidManifest.xml:11:13-37
87
88        <receiver
88-->[com.google.firebase:firebase-messaging:22.0.0] AndroidManifest.xml:28:9-35:20
89            android:name="com.google.firebase.iid.FirebaseInstanceIdReceiver"
89-->[com.google.firebase:firebase-messaging:22.0.0] AndroidManifest.xml:29:13-78
90            android:exported="true"
90-->[com.google.firebase:firebase-messaging:22.0.0] AndroidManifest.xml:30:13-36
91            android:permission="com.google.android.c2dm.permission.SEND" >
91-->[com.google.firebase:firebase-messaging:22.0.0] AndroidManifest.xml:31:13-73
92            <intent-filter>
92-->[com.google.firebase:firebase-messaging:22.0.0] AndroidManifest.xml:32:13-34:29
93                <action android:name="com.google.android.c2dm.intent.RECEIVE" />
93-->[com.google.firebase:firebase-messaging:22.0.0] AndroidManifest.xml:33:17-81
93-->[com.google.firebase:firebase-messaging:22.0.0] AndroidManifest.xml:33:25-78
94            </intent-filter>
95        </receiver>
96        <!--
97             FirebaseMessagingService performs security checks at runtime,
98             but set to not exported to explicitly avoid allowing another app to call it.
99        -->
100        <service
100-->[com.google.firebase:firebase-messaging:22.0.0] AndroidManifest.xml:41:9-48:19
101            android:name="com.google.firebase.messaging.FirebaseMessagingService"
101-->[com.google.firebase:firebase-messaging:22.0.0] AndroidManifest.xml:42:13-82
102            android:directBootAware="true"
102-->[com.google.firebase:firebase-messaging:22.0.0] AndroidManifest.xml:43:13-43
103            android:exported="false" >
103-->[com.google.firebase:firebase-messaging:22.0.0] AndroidManifest.xml:44:13-37
104            <intent-filter android:priority="-500" >
104-->src\main\AndroidManifest.xml:43:13-45:29
105                <action android:name="com.google.firebase.MESSAGING_EVENT" />
105-->src\main\AndroidManifest.xml:44:17-78
105-->src\main\AndroidManifest.xml:44:25-75
106            </intent-filter>
107        </service>
108
109        <activity
109-->[com.google.android.gms:play-services-base:17.0.0] AndroidManifest.xml:23:9-26:75
110            android:name="com.google.android.gms.common.api.GoogleApiActivity"
110-->[com.google.android.gms:play-services-base:17.0.0] AndroidManifest.xml:24:13-79
111            android:exported="false"
111-->[com.google.android.gms:play-services-base:17.0.0] AndroidManifest.xml:25:13-37
112            android:theme="@android:style/Theme.Translucent.NoTitleBar" />
112-->[com.google.android.gms:play-services-base:17.0.0] AndroidManifest.xml:26:13-72
113
114        <provider
114-->[com.google.firebase:firebase-common:20.0.0] AndroidManifest.xml:26:9-31:39
115            android:name="com.google.firebase.provider.FirebaseInitProvider"
115-->[com.google.firebase:firebase-common:20.0.0] AndroidManifest.xml:27:13-77
116            android:authorities="com.example.projetandroid.firebaseinitprovider"
116-->[com.google.firebase:firebase-common:20.0.0] AndroidManifest.xml:28:13-72
117            android:directBootAware="true"
117-->[com.google.firebase:firebase-common:20.0.0] AndroidManifest.xml:29:13-43
118            android:exported="false"
118-->[com.google.firebase:firebase-common:20.0.0] AndroidManifest.xml:30:13-37
119            android:initOrder="100" />
119-->[com.google.firebase:firebase-common:20.0.0] AndroidManifest.xml:31:13-36
120
121        <meta-data
121-->[com.google.android.gms:play-services-basement:17.0.0] AndroidManifest.xml:23:9-25:69
122            android:name="com.google.android.gms.version"
122-->[com.google.android.gms:play-services-basement:17.0.0] AndroidManifest.xml:24:13-58
123            android:value="@integer/google_play_services_version" />
123-->[com.google.android.gms:play-services-basement:17.0.0] AndroidManifest.xml:25:13-66
124
125        <provider
125-->[androidx.lifecycle:lifecycle-process:2.2.0] AndroidManifest.xml:25:9-29:43
126            android:name="androidx.lifecycle.ProcessLifecycleOwnerInitializer"
126-->[androidx.lifecycle:lifecycle-process:2.2.0] AndroidManifest.xml:26:13-79
127            android:authorities="com.example.projetandroid.lifecycle-process"
127-->[androidx.lifecycle:lifecycle-process:2.2.0] AndroidManifest.xml:27:13-69
128            android:exported="false"
128-->[androidx.lifecycle:lifecycle-process:2.2.0] AndroidManifest.xml:28:13-37
129            android:multiprocess="true" />
129-->[androidx.lifecycle:lifecycle-process:2.2.0] AndroidManifest.xml:29:13-40
130
131        <service
131-->[com.google.android.datatransport:transport-backend-cct:3.0.0] AndroidManifest.xml:29:9-35:19
132            android:name="com.google.android.datatransport.runtime.backends.TransportBackendDiscovery"
132-->[com.google.android.datatransport:transport-backend-cct:3.0.0] AndroidManifest.xml:30:13-103
133            android:exported="false" >
133-->[com.google.android.datatransport:transport-backend-cct:3.0.0] AndroidManifest.xml:31:13-37
134            <meta-data
134-->[com.google.android.datatransport:transport-backend-cct:3.0.0] AndroidManifest.xml:32:13-34:39
135                android:name="backend:com.google.android.datatransport.cct.CctBackendFactory"
135-->[com.google.android.datatransport:transport-backend-cct:3.0.0] AndroidManifest.xml:33:17-94
136                android:value="cct" />
136-->[com.google.android.datatransport:transport-backend-cct:3.0.0] AndroidManifest.xml:34:17-36
137        </service>
138        <service
138-->[com.google.android.datatransport:transport-runtime:3.0.0] AndroidManifest.xml:26:9-30:19
139            android:name="com.google.android.datatransport.runtime.scheduling.jobscheduling.JobInfoSchedulerService"
139-->[com.google.android.datatransport:transport-runtime:3.0.0] AndroidManifest.xml:27:13-117
140            android:exported="false"
140-->[com.google.android.datatransport:transport-runtime:3.0.0] AndroidManifest.xml:28:13-37
141            android:permission="android.permission.BIND_JOB_SERVICE" >
141-->[com.google.android.datatransport:transport-runtime:3.0.0] AndroidManifest.xml:29:13-69
142        </service>
143
144        <receiver
144-->[com.google.android.datatransport:transport-runtime:3.0.0] AndroidManifest.xml:32:9-34:40
145            android:name="com.google.android.datatransport.runtime.scheduling.jobscheduling.AlarmManagerSchedulerBroadcastReceiver"
145-->[com.google.android.datatransport:transport-runtime:3.0.0] AndroidManifest.xml:33:13-132
146            android:exported="false" />
146-->[com.google.android.datatransport:transport-runtime:3.0.0] AndroidManifest.xml:34:13-37
147    </application>
148
149</manifest>